<?xml version="1.0" encoding="UTF-8"?>
<!-- Generated by org.testng.reporters.JUnitXMLReporter -->
<testsuite ignored="0" hostname="DESKTOP-SPDP9HB" failures="0" tests="5" name="Default test" time="30.342" errors="0" timestamp="2024-02-18T19:41:16 TRT">
  <testcase classname="TestCases.BankTests" name="CustomerLogin" time="0.683"/>
  <testcase classname="TestCases.BankTests" name="AnyRandomName" time="0.36"/>
  <testcase classname="TestCases.BankTests" name="deposit" time="12.204"/>
  <testcase classname="TestCases.BankTests" name="Withdrawl" time="15.22"/>
  <testcase classname="TestCases.BankTests" name="checkBalance" time="0.02"/>
</testsuite> <!-- Default test -->
