<?xml version="1.0" encoding="UTF-8"?>
<!-- Generated by org.testng.reporters.JUnitXMLReporter -->
<testsuite ignored="5" hostname="DESKTOP-SPDP9HB" failures="0" tests="4" name="Default test" time="8.393" errors="0" timestamp="2024-02-20T17:50:18 TRT">
  <testcase classname="TestCases.BankTests" name="BankManagerLogin" time="0.582"/>
  <testcase classname="TestCases.BankTests" name="AddOneCustomer" time="2.919"/>
  <testcase classname="TestCases.BankTests" name="openAccount" time="3.197"/>
  <testcase classname="TestCases.BankTests" name="deleteCustomer" time="0.133"/>
  <testcase classname="TestCases.BankTests" name="CustomerLogin" time="0.0">
    <ignored/>
  </testcase> <!-- CustomerLogin -->
  <testcase classname="TestCases.BankTests" name="Withdrawl" time="0.0">
    <ignored/>
  </testcase> <!-- Withdrawl -->
  <testcase classname="TestCases.BankTests" name="AnyRandomName" time="0.0">
    <ignored/>
  </testcase> <!-- AnyRandomName -->
  <testcase classname="TestCases.BankTests" name="deposit" time="0.0">
    <ignored/>
  </testcase> <!-- deposit -->
  <testcase classname="TestCases.BankTests" name="checkBalance" time="0.0">
    <ignored/>
  </testcase> <!-- checkBalance -->
</testsuite> <!-- Default test -->
