<?xml version="1.0" encoding="UTF-8"?>
<testng-results ignored="5" total="9" passed="4" failed="0" skipped="0">
  <reporter-output>
  </reporter-output>
  <suite started-at="2024-02-20T17:50:09 TRT" name="Default suite" finished-at="2024-02-20T17:50:18 TRT" duration-ms="8393">
    <groups>
    </groups>
    <test started-at="2024-02-20T17:50:09 TRT" name="Default test" finished-at="2024-02-20T17:50:18 TRT" duration-ms="8393">
      <class name="TestCases.BankTests">
        <test-method is-config="true" signature="setUP()[pri:0, instance:TestCases.BankTests@615091b8]" started-at="2024-02-20T17:50:09 TRT" name="setUP" finished-at="2024-02-20T17:50:11 TRT" duration-ms="1518" status="PASS">
          <reporter-output>
          </reporter-output>
        </test-method> <!-- setUP -->
        <test-method signature="BankManagerLogin()[pri:6, instance:TestCases.BankTests@615091b8]" started-at="2024-02-20T17:50:11 TRT" name="BankManagerLogin" finished-at="2024-02-20T17:50:11 TRT" duration-ms="582" status="PASS">
          <reporter-output>
          </reporter-output>
        </test-method> <!-- BankManagerLogin -->
        <test-method signature="AddOneCustomer()[pri:7, instance:TestCases.BankTests@615091b8]" started-at="2024-02-20T17:50:11 TRT" name="AddOneCustomer" finished-at="2024-02-20T17:50:14 TRT" duration-ms="2919" status="PASS">
          <reporter-output>
          </reporter-output>
        </test-method> <!-- AddOneCustomer -->
        <test-method signature="openAccount()[pri:8, instance:TestCases.BankTests@615091b8]" started-at="2024-02-20T17:50:14 TRT" name="openAccount" finished-at="2024-02-20T17:50:18 TRT" duration-ms="3197" status="PASS">
          <reporter-output>
          </reporter-output>
        </test-method> <!-- openAccount -->
        <test-method signature="deleteCustomer()[pri:9, instance:TestCases.BankTests@615091b8]" started-at="2024-02-20T17:50:18 TRT" name="deleteCustomer" finished-at="2024-02-20T17:50:18 TRT" duration-ms="133" status="PASS">
          <reporter-output>
          </reporter-output>
        </test-method> <!-- deleteCustomer -->
        <test-method is-config="true" signature="AfterTest()[pri:0, instance:TestCases.BankTests@615091b8]" started-at="2024-02-20T17:50:18 TRT" name="AfterTest" finished-at="2024-02-20T17:50:18 TRT" duration-ms="1" status="PASS">
          <reporter-output>
          </reporter-output>
        </test-method> <!-- AfterTest -->
      </class> <!-- TestCases.BankTests -->
    </test> <!-- Default test -->
  </suite> <!-- Default suite -->
</testng-results>
